WHYLIB is not set, using /home/agayev169/.opam/system/lib/why as default
Parsing
Normalization
Typing logic labels
Typing code
Typing axiomatic Padding
Typing logic type declaration padding
Typing axiomatic Padding
Typing tag charP
Typing tag voidP
Computation of call graph
***********************************
Logic call graph: has 0 components
***********************************
******************************
Call graph: has 1 components
******************************
Component 0:
 min calls: 

Adding invariants
Computation of regions
Separation: treating function min
Separation: treating function min
Computation of effects
Effects: doing one iteration...
Effects: doing one iteration...
Effects: doing one iteration...
Effects: fixpoint reached
Effects: removing global reads w/o writes
Effects for function min:
 reads:  alloc_table: 
         tag_table: 
         memories: 
         raw memories: 
         precise memories: 
         globals: 
         locals: tmp (Here)

 writes:  alloc_table: 
          tag_table: 
          memories: 
          raw memories: 
          precise memories: 
          globals: 
          locals: tmp (Here)

 raises: 
Translate logic types
Translate structures
all_allocs(tag charP):
  Found 1 allocs.
all_memories(tag charP):
  Found 0 memories.
all_allocs(tag charP):
  Found 1 allocs.
all_memories(tag charP):
  Found 0 memories.
all_allocs(tag charP):
  Found 1 allocs.
all_memories(tag charP):
  Found 0 memories.
all_allocs(tag charP):
  Found 1 allocs.
all_memories(tag charP):
  Found 0 memories.
all_allocs(tag charP):
  Found 1 allocs.
all_memories(tag charP):
  Found 0 memories.
all_allocs(tag charP):
  Found 1 allocs.
all_memories(tag charP):
  Found 0 memories.
all_allocs(tag charP):
  Found 1 allocs.
all_memories(tag charP):
  Found 0 memories.
all_allocs(tag charP):
  Found 1 allocs.
all_memories(tag charP):
  Found 0 memories.
all_allocs(tag voidP):
  Found 1 allocs.
all_memories(tag voidP):
  Found 0 memories.
all_allocs(tag voidP):
  Found 1 allocs.
all_memories(tag voidP):
  Found 0 memories.
all_allocs(tag voidP):
  Found 1 allocs.
all_memories(tag voidP):
  Found 0 memories.
all_allocs(tag voidP):
  Found 1 allocs.
all_memories(tag voidP):
  Found 0 memories.
all_allocs(tag voidP):
  Found 1 allocs.
all_memories(tag voidP):
  Found 0 memories.
all_allocs(tag voidP):
  Found 1 allocs.
all_memories(tag voidP):
  Found 0 memories.
all_allocs(tag voidP):
  Found 1 allocs.
all_memories(tag voidP):
  Found 0 memories.
all_allocs(tag voidP):
  Found 1 allocs.
all_memories(tag voidP):
  Found 0 memories.
Translate variants
all_allocs(root charP):
  Found 1 allocs.
all_memories(root charP):
  Found 0 memories.
all_allocs(root charP):
  Found 1 allocs.
all_memories(root charP):
  Found 0 memories.
all_allocs(root voidP):
  Found 1 allocs.
all_memories(root voidP):
  Found 0 memories.
all_allocs(root voidP):
  Found 1 allocs.
all_memories(root voidP):
  Found 0 memories.
Translate variables
Translate memories
Translate allocation tables
Translate tag tables
Translate exceptions
producing exception 'Loop_continue'
producing exception 'Loop_exit'
producing exception 'Return_label'
Translate enumerated types
Translate logic functions
Translate axiomatic declarations
Axiomatic Padding
Translate lemmas
Translate functions
Pre-treatement Function min
Function min
Jc_interp: function min
Jc_interp: behavior 'default' has assigns clause with 0 elements
Jc_interp: behavior 'default' has assigns clause with 0 elements
Jc_interp: behavior 'safety' has no assigns
Jc_interp: behavior 'safety' has no assigns
Produce Why3ml file
